<?xml version="1.0" encoding="UTF-8"?>
<!-- Generated by org.testng.reporters.JUnitXMLReporter -->
<testsuite ignored="0" hostname="DESKTOP-7BUCPCP" failures="4" tests="6" name="Test" time="12.72" errors="0" timestamp="2023-07-13T00:10:02 IST">
  <testcase classname="Test_Classes.Post_Create_TC1" name="extractor" time="5.519">
    <failure type="java.lang.AssertionError" message="expected [2023-07-13T] but found [2023-07-12T]">
      <![CDATA[java.lang.AssertionError: expected [2023-07-13T] but found [2023-07-12T]
at Test_Classes.Post_Create_TC1.extractor(Post_Create_TC1.java:33)
at java.base/java.util.ArrayList.forEach(ArrayList.java:1511)
... Removed 33 stack frames]]>
    </failure>
  </testcase> <!-- extractor -->
  <testcase classname="Test_Classes.Retry_TC1" name="extractor" time="2.002">
    <failure type="java.lang.AssertionError" message="expected [2023-07-13T] but found [2023-07-12T]">
      <![CDATA[java.lang.AssertionError: expected [2023-07-13T] but found [2023-07-12T]
at Test_Classes.Retry_TC1.validator(Retry_TC1.java:52)
at Test_Classes.Retry_TC1.extractor(Retry_TC1.java:25)
at java.base/java.util.ArrayList.forEach(ArrayList.java:1511)
... Removed 33 stack frames]]>
    </failure>
  </testcase> <!-- extractor -->
  <testcase classname="Test_Classes.Get_TC1" name="extractor" time="0.57"/>
  <testcase classname="Test_Classes.Post_Login_TC1" name="extractor" time="1.485"/>
  <testcase classname="Test_Classes.Put_TC1" name="extractor" time="1.427">
    <failure type="java.lang.AssertionError" message="expected [2023-07-13T] but found [2023-07-12T]">
      <![CDATA[java.lang.AssertionError: expected [2023-07-13T] but found [2023-07-12T]
at Test_Classes.Put_TC1.extractor(Put_TC1.java:34)
at java.base/java.util.ArrayList.forEach(ArrayList.java:1511)
... Removed 33 stack frames]]>
    </failure>
  </testcase> <!-- extractor -->
  <testcase classname="Test_Classes.Patch_TC1" name="extractor" time="1.43">
    <failure type="java.lang.AssertionError" message="expected [2023-07-13T] but found [2023-07-12T]">
      <![CDATA[java.lang.AssertionError: expected [2023-07-13T] but found [2023-07-12T]
at Test_Classes.Patch_TC1.extractor(Patch_TC1.java:36)
at java.base/java.util.ArrayList.forEach(ArrayList.java:1511)
... Removed 33 stack frames]]>
    </failure>
  </testcase> <!-- extractor -->
</testsuite> <!-- Test -->
